<?xml version="1.0" encoding="UTF-8"?>
<testng-results ignored="0" total="3" passed="3" failed="0" skipped="0">
  <reporter-output>
  </reporter-output>
  <suite started-at="2026-06-08T14:54:12 IST" name="Amazon Suite" finished-at="2026-06-08T14:59:51 IST" duration-ms="339186">
    <groups>
    </groups>
    <test started-at="2026-06-08T14:54:12 IST" name="Chrome Test" finished-at="2026-06-08T14:55:22 IST" duration-ms="69969">
      <class name="com.Assignments.Paralleltest">
        <test-method signature="crossBrowserTesting(java.lang.String)[pri:0, instance:com.Assignments.Paralleltest@397fbdb]" started-at="2026-06-08T14:54:12 IST" name="crossBrowserTesting" finished-at="2026-06-08T14:55:22 IST" duration-ms="69799" status="PASS">
          <params>
            <param index="0">
              <value>
                <![CDATA[chrome]]>
              </value>
            </param>
          </params>
          <reporter-output>
          </reporter-output>
        </test-method> <!-- crossBrowserTesting -->
      </class> <!-- com.Assignments.Paralleltest -->
    </test> <!-- Chrome Test -->
    <test started-at="2026-06-08T14:55:23 IST" name="Firefox Test" finished-at="2026-06-08T14:57:57 IST" duration-ms="154354">
      <class name="com.Assignments.Paralleltest">
        <test-method signature="crossBrowserTesting(java.lang.String)[pri:0, instance:com.Assignments.Paralleltest@5dda768f]" started-at="2026-06-08T14:55:23 IST" name="crossBrowserTesting" finished-at="2026-06-08T14:57:57 IST" duration-ms="154333" status="PASS">
          <params>
            <param index="0">
              <value>
                <![CDATA[firefox]]>
              </value>
            </param>
          </params>
          <reporter-output>
          </reporter-output>
        </test-method> <!-- crossBrowserTesting -->
      </class> <!-- com.Assignments.Paralleltest -->
    </test> <!-- Firefox Test -->
    <test started-at="2026-06-08T14:57:57 IST" name="Edge Test" finished-at="2026-06-08T14:59:51 IST" duration-ms="113816">
      <class name="com.Assignments.Paralleltest">
        <test-method signature="crossBrowserTesting(java.lang.String)[pri:0, instance:com.Assignments.Paralleltest@24269709]" started-at="2026-06-08T14:57:57 IST" name="crossBrowserTesting" finished-at="2026-06-08T14:59:51 IST" duration-ms="113786" status="PASS">
          <params>
            <param index="0">
              <value>
                <![CDATA[edge]]>
              </value>
            </param>
          </params>
          <reporter-output>
          </reporter-output>
        </test-method> <!-- crossBrowserTesting -->
      </class> <!-- com.Assignments.Paralleltest -->
    </test> <!-- Edge Test -->
  </suite> <!-- Amazon Suite -->
</testng-results>
