<?xml version="1.0" encoding="UTF-8"?>
<!-- Generated by org.testng.reporters.JUnitReportReporter -->
<testsuite hostname="SUSRUTHA-REDDY96" failures="0" tests="3" name="com.Assignments.Paralleltest" time="337.918" errors="0" timestamp="2026-06-08T14:59:51 IST" skipped="0">
  <testcase classname="com.Assignments.Paralleltest" name="crossBrowserTesting" time="113.786"/>
  <testcase classname="com.Assignments.Paralleltest" name="crossBrowserTesting" time="69.799"/>
  <testcase classname="com.Assignments.Paralleltest" name="crossBrowserTesting" time="154.333"/>
</testsuite> <!-- com.Assignments.Paralleltest -->
